0 silly argv {
0 silly argv   _: [ 'run' ],
0 silly argv   concurrency: 1,
0 silly argv   stream: true,
0 silly argv   since: 'HEAD',
0 silly argv   'exclude-dependents': true,
0 silly argv   excludeDependents: true,
0 silly argv   lernaVersion: '4.0.0',
0 silly argv   '$0': 'lerna',
0 silly argv   script: 'precommit'
0 silly argv }
1 notice cli v4.0.0
2 verbose rootPath /Users/chenweitao/work/GitHome/erda-ui
3 info versioning independent
4 error Error: Unsupported URL Type "workspace:": workspace:^0.1.2
4 error     at unsupportedURLType (/Users/chenweitao/work/GitHome/erda-ui/node_modules/.pnpm/npm-package-arg@8.1.2/node_modules/npm-package-arg/npa.js:203:15)
4 error     at fromURL (/Users/chenweitao/work/GitHome/erda-ui/node_modules/.pnpm/npm-package-arg@8.1.2/node_modules/npm-package-arg/npa.js:261:13)
4 error     at Function.resolve (/Users/chenweitao/work/GitHome/erda-ui/node_modules/.pnpm/npm-package-arg@8.1.2/node_modules/npm-package-arg/npa.js:80:12)
4 error     at /Users/chenweitao/work/GitHome/erda-ui/node_modules/.pnpm/@lerna+package-graph@4.0.0/node_modules/@lerna/package-graph/index.js:66:30
4 error     at Array.forEach (<anonymous>)
4 error     at /Users/chenweitao/work/GitHome/erda-ui/node_modules/.pnpm/@lerna+package-graph@4.0.0/node_modules/@lerna/package-graph/index.js:60:38
4 error     at Map.forEach (<anonymous>)
4 error     at new PackageGraph (/Users/chenweitao/work/GitHome/erda-ui/node_modules/.pnpm/@lerna+package-graph@4.0.0/node_modules/@lerna/package-graph/index.js:49:10)
